> Task :checkKotlinGradlePluginConfigurationErrors
> Task :compileKotlin UP-TO-DATE
> Task :compileJava NO-SOURCE
> Task :processResources UP-TO-DATE
> Task :classes UP-TO-DATE
> Task :resolveMainClassName UP-TO-DATE

> Task :bootRun

  .   ____          _            __ _ _
 /\\ / ___'_ __ _ _(_)_ __  __ _ \ \ \ \
( ( )\___ | '_ | '_| | '_ \/ _` | \ \ \ \
 \\/  ___)| |_)| | | | | || (_| |  ) ) ) )
  '  |____| .__|_| |_|_| |_\__, | / / / /
 =========|_|==============|___/=/_/_/_/

 :: Spring Boot ::                (v3.5.7)

2025-10-27T22:59:12.027+09:00  INFO 54373 --- [Cupid] [           main] com.august.cupid.CupidApplicationKt      : Starting CupidApplicationKt using Java 17.0.10 with PID 54373 (/Users/gahee/IdeaProjects/Cupid/build/classes/kotlin/main started by gahee in /Users/gahee/IdeaProjects/Cupid)
2025-10-27T22:59:12.030+09:00 DEBUG 54373 --- [Cupid] [           main] com.august.cupid.CupidApplicationKt      : Running with Spring Boot v3.5.7, Spring v6.2.12
2025-10-27T22:59:12.030+09:00  INFO 54373 --- [Cupid] [           main] com.august.cupid.CupidApplicationKt      : No active profile set, falling back to 1 default profile: "default"
2025-10-27T22:59:12.731+09:00  INFO 54373 --- [Cupid] [           main] .s.d.r.c.RepositoryConfigurationDelegate : Multiple Spring Data modules found, entering strict repository configuration mode
2025-10-27T22:59:12.732+09:00  INFO 54373 --- [Cupid] [           main] .s.d.r.c.RepositoryConfigurationDelegate : Bootstrapping Spring Data JPA repositories in DEFAULT mode.
2025-10-27T22:59:12.815+09:00  INFO 54373 --- [Cupid] [           main] .RepositoryConfigurationExtensionSupport : Spring Data JPA - Could not safely identify store assignment for repository candidate interface com.august.cupid.repository.MessageReadsRepository; If you want this repository to be a JPA repository, consider annotating your entities with one of these annotations: jakarta.persistence.Entity, jakarta.persistence.MappedSuperclass (preferred), or consider extending one of the following types with your repository: org.springframework.data.jpa.repository.JpaRepository
2025-10-27T22:59:12.817+09:00  INFO 54373 --- [Cupid] [           main] .RepositoryConfigurationExtensionSupport : Spring Data JPA - Could not safely identify store assignment for repository candidate interface com.august.cupid.repository.MessageRepository; If you want this repository to be a JPA repository, consider annotating your entities with one of these annotations: jakarta.persistence.Entity, jakarta.persistence.MappedSuperclass (preferred), or consider extending one of the following types with your repository: org.springframework.data.jpa.repository.JpaRepository
2025-10-27T22:59:12.844+09:00  INFO 54373 --- [Cupid] [           main] .s.d.r.c.RepositoryConfigurationDelegate : Finished Spring Data repository scanning in 108 ms. Found 10 JPA repository interfaces.
2025-10-27T22:59:12.874+09:00  INFO 54373 --- [Cupid] [           main] .s.d.r.c.RepositoryConfigurationDelegate : Multiple Spring Data modules found, entering strict repository configuration mode
2025-10-27T22:59:12.874+09:00  INFO 54373 --- [Cupid] [           main] .s.d.r.c.RepositoryConfigurationDelegate : Bootstrapping Spring Data MongoDB repositories in DEFAULT mode.
2025-10-27T22:59:12.878+09:00  INFO 54373 --- [Cupid] [           main] .RepositoryConfigurationExtensionSupport : Spring Data MongoDB - Could not safely identify store assignment for repository candidate interface com.august.cupid.repository.ChannelMembersRepository; If you want this repository to be a MongoDB repository, consider annotating your entities with one of these annotations: org.springframework.data.mongodb.core.mapping.Document (preferred), or consider extending one of the following types with your repository: org.springframework.data.mongodb.repository.MongoRepository
2025-10-27T22:59:12.879+09:00  INFO 54373 --- [Cupid] [           main] .RepositoryConfigurationExtensionSupport : Spring Data MongoDB - Could not safely identify store assignment for repository candidate interface com.august.cupid.repository.ChannelNotificationSettingsRepository; If you want this repository to be a MongoDB repository, consider annotating your entities with one of these annotations: org.springframework.data.mongodb.core.mapping.Document (preferred), or consider extending one of the following types with your repository: org.springframework.data.mongodb.repository.MongoRepository
2025-10-27T22:59:12.879+09:00  INFO 54373 --- [Cupid] [           main] .RepositoryConfigurationExtensionSupport : Spring Data MongoDB - Could not safely identify store assignment for repository candidate interface com.august.cupid.repository.ChannelRepository; If you want this repository to be a MongoDB repository, consider annotating your entities with one of these annotations: org.springframework.data.mongodb.core.mapping.Document (preferred), or consider extending one of the following types with your repository: org.springframework.data.mongodb.repository.MongoRepository
2025-10-27T22:59:12.879+09:00  INFO 54373 --- [Cupid] [           main] .RepositoryConfigurationExtensionSupport : Spring Data MongoDB - Could not safely identify store assignment for repository candidate interface com.august.cupid.repository.FcmTokenRepository; If you want this repository to be a MongoDB repository, consider annotating your entities with one of these annotations: org.springframework.data.mongodb.core.mapping.Document (preferred), or consider extending one of the following types with your repository: org.springframework.data.mongodb.repository.MongoRepository
2025-10-27T22:59:12.879+09:00  INFO 54373 --- [Cupid] [           main] .RepositoryConfigurationExtensionSupport : Spring Data MongoDB - Could not safely identify store assignment for repository candidate interface com.august.cupid.repository.MatchRepository; If you want this repository to be a MongoDB repository, consider annotating your entities with one of these annotations: org.springframework.data.mongodb.core.mapping.Document (preferred), or consider extending one of the following types with your repository: org.springframework.data.mongodb.repository.MongoRepository
2025-10-27T22:59:12.880+09:00  INFO 54373 --- [Cupid] [           main] .RepositoryConfigurationExtensionSupport : Spring Data MongoDB - Could not safely identify store assignment for repository candidate interface com.august.cupid.repository.ReportRepository; If you want this repository to be a MongoDB repository, consider annotating your entities with one of these annotations: org.springframework.data.mongodb.core.mapping.Document (preferred), or consider extending one of the following types with your repository: org.springframework.data.mongodb.repository.MongoRepository
2025-10-27T22:59:12.880+09:00  INFO 54373 --- [Cupid] [           main] .RepositoryConfigurationExtensionSupport : Spring Data MongoDB - Could not safely identify store assignment for repository candidate interface com.august.cupid.repository.UserBlocksRepository; If you want this repository to be a MongoDB repository, consider annotating your entities with one of these annotations: org.springframework.data.mongodb.core.mapping.Document (preferred), or consider extending one of the following types with your repository: org.springframework.data.mongodb.repository.MongoRepository
2025-10-27T22:59:12.880+09:00  INFO 54373 --- [Cupid] [           main] .RepositoryConfigurationExtensionSupport : Spring Data MongoDB - Could not safely identify store assignment for repository candidate interface com.august.cupid.repository.UserKeysRepository; If you want this repository to be a MongoDB repository, consider annotating your entities with one of these annotations: org.springframework.data.mongodb.core.mapping.Document (preferred), or consider extending one of the following types with your repository: org.springframework.data.mongodb.repository.MongoRepository
2025-10-27T22:59:12.880+09:00  INFO 54373 --- [Cupid] [           main] .RepositoryConfigurationExtensionSupport : Spring Data MongoDB - Could not safely identify store assignment for repository candidate interface com.august.cupid.repository.UserNotificationSettingsRepository; If you want this repository to be a MongoDB repository, consider annotating your entities with one of these annotations: org.springframework.data.mongodb.core.mapping.Document (preferred), or consider extending one of the following types with your repository: org.springframework.data.mongodb.repository.MongoRepository
2025-10-27T22:59:12.880+09:00  INFO 54373 --- [Cupid] [           main] .RepositoryConfigurationExtensionSupport : Spring Data MongoDB - Could not safely identify store assignment for repository candidate interface com.august.cupid.repository.UserRepository; If you want this repository to be a MongoDB repository, consider annotating your entities with one of these annotations: org.springframework.data.mongodb.core.mapping.Document (preferred), or consider extending one of the following types with your repository: org.springframework.data.mongodb.repository.MongoRepository
2025-10-27T22:59:12.883+09:00  INFO 54373 --- [Cupid] [           main] .s.d.r.c.RepositoryConfigurationDelegate : Finished Spring Data repository scanning in 8 ms. Found 2 MongoDB repository interfaces.
2025-10-27T22:59:12.890+09:00  INFO 54373 --- [Cupid] [           main] .s.d.r.c.RepositoryConfigurationDelegate : Multiple Spring Data modules found, entering strict repository configuration mode
2025-10-27T22:59:12.890+09:00  INFO 54373 --- [Cupid] [           main] .s.d.r.c.RepositoryConfigurationDelegate : Bootstrapping Spring Data Redis repositories in DEFAULT mode.
2025-10-27T22:59:12.897+09:00  INFO 54373 --- [Cupid] [           main] .RepositoryConfigurationExtensionSupport : Spring Data Redis - Could not safely identify store assignment for repository candidate interface com.august.cupid.repository.ChannelMembersRepository; If you want this repository to be a Redis repository, consider annotating your entities with one of these annotations: org.springframework.data.redis.core.RedisHash (preferred), or consider extending one of the following types with your repository: org.springframework.data.keyvalue.repository.KeyValueRepository
2025-10-27T22:59:12.897+09:00  INFO 54373 --- [Cupid] [           main] .RepositoryConfigurationExtensionSupport : Spring Data Redis - Could not safely identify store assignment for repository candidate interface com.august.cupid.repository.ChannelNotificationSettingsRepository; If you want this repository to be a Redis repository, consider annotating your entities with one of these annotations: org.springframework.data.redis.core.RedisHash (preferred), or consider extending one of the following types with your repository: org.springframework.data.keyvalue.repository.KeyValueRepository
2025-10-27T22:59:12.897+09:00  INFO 54373 --- [Cupid] [           main] .RepositoryConfigurationExtensionSupport : Spring Data Redis - Could not safely identify store assignment for repository candidate interface com.august.cupid.repository.ChannelRepository; If you want this repository to be a Redis repository, consider annotating your entities with one of these annotations: org.springframework.data.redis.core.RedisHash (preferred), or consider extending one of the following types with your repository: org.springframework.data.keyvalue.repository.KeyValueRepository
2025-10-27T22:59:12.897+09:00  INFO 54373 --- [Cupid] [           main] .RepositoryConfigurationExtensionSupport : Spring Data Redis - Could not safely identify store assignment for repository candidate interface com.august.cupid.repository.FcmTokenRepository; If you want this repository to be a Redis repository, consider annotating your entities with one of these annotations: org.springframework.data.redis.core.RedisHash (preferred), or consider extending one of the following types with your repository: org.springframework.data.keyvalue.repository.KeyValueRepository
2025-10-27T22:59:12.897+09:00  INFO 54373 --- [Cupid] [           main] .RepositoryConfigurationExtensionSupport : Spring Data Redis - Could not safely identify store assignment for repository candidate interface com.august.cupid.repository.MatchRepository; If you want this repository to be a Redis repository, consider annotating your entities with one of these annotations: org.springframework.data.redis.core.RedisHash (preferred), or consider extending one of the following types with your repository: org.springframework.data.keyvalue.repository.KeyValueRepository
2025-10-27T22:59:12.897+09:00  INFO 54373 --- [Cupid] [           main] .RepositoryConfigurationExtensionSupport : Spring Data Redis - Could not safely identify store assignment for repository candidate interface com.august.cupid.repository.MessageReadsRepository; If you want this repository to be a Redis repository, consider annotating your entities with one of these annotations: org.springframework.data.redis.core.RedisHash (preferred), or consider extending one of the following types with your repository: org.springframework.data.keyvalue.repository.KeyValueRepository
2025-10-27T22:59:12.897+09:00  INFO 54373 --- [Cupid] [           main] .RepositoryConfigurationExtensionSupport : Spring Data Redis - Could not safely identify store assignment for repository candidate interface com.august.cupid.repository.MessageRepository; If you want this repository to be a Redis repository, consider annotating your entities with one of these annotations: org.springframework.data.redis.core.RedisHash (preferred), or consider extending one of the following types with your repository: org.springframework.data.keyvalue.repository.KeyValueRepository
2025-10-27T22:59:12.897+09:00  INFO 54373 --- [Cupid] [           main] .RepositoryConfigurationExtensionSupport : Spring Data Redis - Could not safely identify store assignment for repository candidate interface com.august.cupid.repository.ReportRepository; If you want this repository to be a Redis repository, consider annotating your entities with one of these annotations: org.springframework.data.redis.core.RedisHash (preferred), or consider extending one of the following types with your repository: org.springframework.data.keyvalue.repository.KeyValueRepository
2025-10-27T22:59:12.897+09:00  INFO 54373 --- [Cupid] [           main] .RepositoryConfigurationExtensionSupport : Spring Data Redis - Could not safely identify store assignment for repository candidate interface com.august.cupid.repository.UserBlocksRepository; If you want this repository to be a Redis repository, consider annotating your entities with one of these annotations: org.springframework.data.redis.core.RedisHash (preferred), or consider extending one of the following types with your repository: org.springframework.data.keyvalue.repository.KeyValueRepository
2025-10-27T22:59:12.898+09:00  INFO 54373 --- [Cupid] [           main] .RepositoryConfigurationExtensionSupport : Spring Data Redis - Could not safely identify store assignment for repository candidate interface com.august.cupid.repository.UserKeysRepository; If you want this repository to be a Redis repository, consider annotating your entities with one of these annotations: org.springframework.data.redis.core.RedisHash (preferred), or consider extending one of the following types with your repository: org.springframework.data.keyvalue.repository.KeyValueRepository
2025-10-27T22:59:12.898+09:00  INFO 54373 --- [Cupid] [           main] .RepositoryConfigurationExtensionSupport : Spring Data Redis - Could not safely identify store assignment for repository candidate interface com.august.cupid.repository.UserNotificationSettingsRepository; If you want this repository to be a Redis repository, consider annotating your entities with one of these annotations: org.springframework.data.redis.core.RedisHash (preferred), or consider extending one of the following types with your repository: org.springframework.data.keyvalue.repository.KeyValueRepository
2025-10-27T22:59:12.898+09:00  INFO 54373 --- [Cupid] [           main] .RepositoryConfigurationExtensionSupport : Spring Data Redis - Could not safely identify store assignment for repository candidate interface com.august.cupid.repository.UserRepository; If you want this repository to be a Redis repository, consider annotating your entities with one of these annotations: org.springframework.data.redis.core.RedisHash (preferred), or consider extending one of the following types with your repository: org.springframework.data.keyvalue.repository.KeyValueRepository
2025-10-27T22:59:12.898+09:00  INFO 54373 --- [Cupid] [           main] .s.d.r.c.RepositoryConfigurationDelegate : Finished Spring Data repository scanning in 3 ms. Found 0 Redis repository interfaces.
2025-10-27T22:59:13.266+09:00  INFO 54373 --- [Cupid] [           main] o.s.b.w.embedded.tomcat.TomcatWebServer  : Tomcat initialized with port 8080 (http)
2025-10-27T22:59:13.274+09:00  INFO 54373 --- [Cupid] [           main] o.apache.catalina.core.StandardService   : Starting service [Tomcat]
2025-10-27T22:59:13.274+09:00  INFO 54373 --- [Cupid] [           main] o.apache.catalina.core.StandardEngine    : Starting Servlet engine: [Apache Tomcat/10.1.48]
2025-10-27T22:59:13.384+09:00  INFO 54373 --- [Cupid] [           main] o.a.c.c.C.[Tomcat].[localhost].[/]       : Initializing Spring embedded WebApplicationContext
2025-10-27T22:59:13.384+09:00  INFO 54373 --- [Cupid] [           main] w.s.c.ServletWebServerApplicationContext : Root WebApplicationContext: initialization completed in 1319 ms
2025-10-27T22:59:13.432+09:00 DEBUG 54373 --- [Cupid] [           main] c.a.c.security.JwtAuthenticationFilter   : Filter 'jwtAuthenticationFilter' configured for use
2025-10-27T22:59:13.498+09:00  INFO 54373 --- [Cupid] [           main] com.zaxxer.hikari.HikariDataSource       : HikariPool-1 - Starting...
2025-10-27T22:59:13.611+09:00  INFO 54373 --- [Cupid] [           main] com.zaxxer.hikari.pool.HikariPool        : HikariPool-1 - Added connection org.postgresql.jdbc.PgConnection@6b64bf61
2025-10-27T22:59:13.612+09:00  INFO 54373 --- [Cupid] [           main] com.zaxxer.hikari.HikariDataSource       : HikariPool-1 - Start completed.
2025-10-27T22:59:13.637+09:00  INFO 54373 --- [Cupid] [           main] o.hibernate.jpa.internal.util.LogHelper  : HHH000204: Processing PersistenceUnitInfo [name: default]
2025-10-27T22:59:13.680+09:00  INFO 54373 --- [Cupid] [           main] org.hibernate.Version                    : HHH000412: Hibernate ORM core version 6.6.33.Final
2025-10-27T22:59:13.703+09:00  INFO 54373 --- [Cupid] [           main] o.h.c.internal.RegionFactoryInitiator    : HHH000026: Second-level cache disabled
2025-10-27T22:59:13.875+09:00  INFO 54373 --- [Cupid] [           main] o.s.o.j.p.SpringPersistenceUnitInfo      : No LoadTimeWeaver setup: ignoring JPA class transformer
2025-10-27T22:59:13.923+09:00  INFO 54373 --- [Cupid] [           main] org.hibernate.orm.connections.pooling    : HHH10001005: Database info:
	Database JDBC URL [Connecting through datasource 'HikariDataSource (HikariPool-1)']
	Database driver: undefined/unknown
	Database version: 15.14
	Autocommit mode: undefined/unknown
	Isolation level: undefined/unknown
	Minimum pool size: undefined/unknown
	Maximum pool size: undefined/unknown
2025-10-27T22:59:14.312+09:00  INFO 54373 --- [Cupid] [           main] o.h.m.i.EntityInstantiatorPojoStandard   : HHH000182: No default (no-argument) constructor for class: com.august.cupid.model.entity.UserBlocks (class must be instantiated by Interceptor)
2025-10-27T22:59:14.324+09:00  INFO 54373 --- [Cupid] [           main] o.h.m.i.EntityInstantiatorPojoStandard   : HHH000182: No default (no-argument) constructor for class: com.august.cupid.model.entity.UserNotificationSettings (class must be instantiated by Interceptor)
2025-10-27T22:59:14.325+09:00  INFO 54373 --- [Cupid] [           main] o.h.m.i.EntityInstantiatorPojoStandard   : HHH000182: No default (no-argument) constructor for class: com.august.cupid.model.entity.UserKeys (class must be instantiated by Interceptor)
2025-10-27T22:59:14.325+09:00  INFO 54373 --- [Cupid] [           main] o.h.m.i.EntityInstantiatorPojoStandard   : HHH000182: No default (no-argument) constructor for class: com.august.cupid.model.entity.FcmToken (class must be instantiated by Interceptor)
2025-10-27T22:59:14.328+09:00  INFO 54373 --- [Cupid] [           main] o.h.m.i.EntityInstantiatorPojoStandard   : HHH000182: No default (no-argument) constructor for class: com.august.cupid.model.entity.Channel (class must be instantiated by Interceptor)
2025-10-27T22:59:14.330+09:00  INFO 54373 --- [Cupid] [           main] o.h.m.i.EntityInstantiatorPojoStandard   : HHH000182: No default (no-argument) constructor for class: com.august.cupid.model.entity.ChannelMembers (class must be instantiated by Interceptor)
2025-10-27T22:59:14.332+09:00  INFO 54373 --- [Cupid] [           main] o.h.m.i.EntityInstantiatorPojoStandard   : HHH000182: No default (no-argument) constructor for class: com.august.cupid.model.entity.Match (class must be instantiated by Interceptor)
2025-10-27T22:59:14.387+09:00  INFO 54373 --- [Cupid] [           main] o.h.m.i.EntityInstantiatorPojoStandard   : HHH000182: No default (no-argument) constructor for class: com.august.cupid.model.entity.ChannelNotificationSettings (class must be instantiated by Interceptor)
2025-10-27T22:59:14.389+09:00  INFO 54373 --- [Cupid] [           main] o.h.m.i.EntityInstantiatorPojoStandard   : HHH000182: No default (no-argument) constructor for class: com.august.cupid.model.entity.Report (class must be instantiated by Interceptor)
2025-10-27T22:59:14.537+09:00  INFO 54373 --- [Cupid] [           main] o.h.e.t.j.p.i.JtaPlatformInitiator       : HHH000489: No JTA platform available (set 'hibernate.transaction.jta.platform' to enable JTA platform integration)
2025-10-27T22:59:14.538+09:00  INFO 54373 --- [Cupid] [           main] j.LocalContainerEntityManagerFactoryBean : Initialized JPA EntityManagerFactory for persistence unit 'default'
2025-10-27T22:59:14.882+09:00  INFO 54373 --- [Cupid] [           main] o.s.d.j.r.query.QueryEnhancerFactory     : Hibernate is in classpath; If applicable, HQL parser will be used.
2025-10-27T22:59:15.284+09:00  INFO 54373 --- [Cupid] [           main] c.a.c.c.FirebaseConfig$$SpringCGLIB$$0   : Firebase App 초기화 시작: classpath:firebase-service-account.json
2025-10-27T22:59:15.315+09:00  INFO 54373 --- [Cupid] [           main] c.a.c.c.FirebaseConfig$$SpringCGLIB$$0   : Firebase App 초기화 완료: [DEFAULT]
2025-10-27T22:59:15.317+09:00  INFO 54373 --- [Cupid] [           main] c.a.c.c.FirebaseConfig$$SpringCGLIB$$0   : FirebaseMessaging Bean 생성 완료
2025-10-27T22:59:16.183+09:00  INFO 54373 --- [Cupid] [           main] org.mongodb.driver.client                : MongoClient with metadata {"driver": {"name": "mongo-java-driver|sync|spring-boot", "version": "5.5.2"}, "os": {"type": "Darwin", "name": "Mac OS X", "architecture": "aarch64", "version": "26.0.1"}, "platform": "Java/Eclipse Adoptium/17.0.10+7"} created with settings MongoClientSettings{readPreference=primary, writeConcern=WriteConcern{w=null, wTimeout=null ms, journal=null}, retryWrites=true, retryReads=true, readConcern=ReadConcern{level=null}, credential=null, transportSettings=null, commandListeners=[], codecRegistry=ProvidersCodecRegistry{codecProviders=[ValueCodecProvider{}, BsonValueCodecProvider{}, DBRefCodecProvider{}, DBObjectCodecProvider{}, DocumentCodecProvider{}, CollectionCodecProvider{}, IterableCodecProvider{}, MapCodecProvider{}, GeoJsonCodecProvider{}, GridFSFileCodecProvider{}, Jsr310CodecProvider{}, JsonObjectCodecProvider{}, BsonCodecProvider{}, EnumCodecProvider{}, com.mongodb.client.model.mql.ExpressionCodecProvider@5ea46e79, com.mongodb.Jep395RecordCodecProvider@47a74bd0, com.mongodb.KotlinCodecProvider@6dcdf58b]}, loggerSettings=LoggerSettings{maxDocumentLength=1000}, clusterSettings={hosts=[localhost:27017], srvServiceName=mongodb, mode=SINGLE, requiredClusterType=UNKNOWN, requiredReplicaSetName='null', serverSelector='null', clusterListeners='[]', serverSelectionTimeout='30000 ms', localThreshold='15 ms'}, socketSettings=SocketSettings{connectTimeoutMS=10000, readTimeoutMS=0, receiveBufferSize=0, proxySettings=ProxySettings{host=null, port=null, username=null, password=null}}, heartbeatSocketSettings=SocketSettings{connectTimeoutMS=10000, readTimeoutMS=10000, receiveBufferSize=0, proxySettings=ProxySettings{host=null, port=null, username=null, password=null}}, connectionPoolSettings=ConnectionPoolSettings{maxSize=100, minSize=0, maxWaitTimeMS=120000, maxConnectionLifeTimeMS=0, maxConnectionIdleTimeMS=0, maintenanceInitialDelayMS=0, maintenanceFrequencyMS=60000, connectionPoolListeners=[], maxConnecting=2}, serverSettings=ServerSettings{heartbeatFrequencyMS=10000, minHeartbeatFrequencyMS=500, serverMonitoringMode=AUTO, serverListeners='[]', serverMonitorListeners='[]'}, sslSettings=SslSettings{enabled=false, invalidHostNameAllowed=false, context=null}, applicationName='null', compressorList=[], uuidRepresentation=JAVA_LEGACY, serverApi=null, autoEncryptionSettings=null, dnsClient=null, inetAddressResolver=null, contextProvider=null, timeoutMS=null}
2025-10-27T22:59:16.202+09:00  INFO 54373 --- [Cupid] [localhost:27017] org.mongodb.driver.cluster               : Monitor thread successfully connected to server with description ServerDescription{address=localhost:27017, type=STANDALONE, cryptd=false, state=CONNECTED, ok=true, minWireVersion=0, maxWireVersion=21, maxDocumentSize=16777216, logicalSessionTimeoutMinutes=30, roundTripTimeNanos=32479625, minRoundTripTimeNanos=0}
2025-10-27T22:59:16.484+09:00  WARN 54373 --- [Cupid] [           main] JpaBaseConfiguration$JpaWebConfiguration : spring.jpa.open-in-view is enabled by default. Therefore, database queries may be performed during view rendering. Explicitly configure spring.jpa.open-in-view to disable this warning
2025-10-27T22:59:16.553+09:00  INFO 54373 --- [Cupid] [           main] c.a.c.c.WebSocketConfig$$SpringCGLIB$$0  : WebSocket 엔드포인트 등록 완료: /ws
2025-10-27T22:59:16.639+09:00  WARN 54373 --- [Cupid] [           main] .s.s.UserDetailsServiceAutoConfiguration : 

Using generated security password: c7e81d64-f16f-4246-9dde-68a089659590

This generated password is for development use only. Your security configuration must be updated before running your application in production.

2025-10-27T22:59:16.644+09:00  INFO 54373 --- [Cupid] [           main] r$InitializeUserDetailsManagerConfigurer : Global AuthenticationManager configured with UserDetailsService bean with name inMemoryUserDetailsManager
2025-10-27T22:59:16.699+09:00  INFO 54373 --- [Cupid] [           main] c.a.c.c.WebSocketConfig$$SpringCGLIB$$0  : Message Broker 설정 완료: /topic, /queue
2025-10-27T22:59:17.564+09:00  INFO 54373 --- [Cupid] [           main] o.s.m.s.b.SimpleBrokerMessageHandler     : Starting...
2025-10-27T22:59:17.564+09:00  INFO 54373 --- [Cupid] [           main] o.s.m.s.b.SimpleBrokerMessageHandler     : BrokerAvailabilityEvent[available=true, SimpleBrokerMessageHandler [org.springframework.messaging.simp.broker.DefaultSubscriptionRegistry@ab116aa]]
2025-10-27T22:59:17.564+09:00  INFO 54373 --- [Cupid] [           main] o.s.m.s.b.SimpleBrokerMessageHandler     : Started.
2025-10-27T22:59:17.576+09:00  INFO 54373 --- [Cupid] [           main] o.s.b.w.embedded.tomcat.TomcatWebServer  : Tomcat started on port 8080 (http) with context path '/'
2025-10-27T22:59:17.585+09:00  INFO 54373 --- [Cupid] [           main] com.august.cupid.CupidApplicationKt      : Started CupidApplicationKt in 5.875 seconds (process running for 6.146)
